D:\Workspace\python\ven_sware\lib\site-packages\pymysql\cursors.py:165: Warning: (1366, "Incorrect string value: '\\xD6\\xD0\\xB9\\xFA\\xB1\\xEA...' for column 'VARIABLE_VALUE' at row 496")
  result = self._query(query)
send: 'ehlo [10.254.206.150]\r\n'
reply: b'250-mail\r\n'
reply: b'250-PIPELINING\r\n'
reply: b'250-AUTH LOGIN PLAIN \r\n'
reply: b'250-AUTH=LOGIN PLAIN\r\n'
reply: b'250-coremail 1Uxr2xKj7kG0xkI17xGrU7I0s8FY2U3Uj8Cz28x1UUUUU7Ic2I0Y2UrlkW8hUCa0xDrUUUUj\r\n'
reply: b'250-STARTTLS\r\n'
reply: b'250 8BITMIME\r\n'
reply: retcode (250); Msg: b'mail\nPIPELINING\nAUTH LOGIN PLAIN\nAUTH=LOGIN PLAIN\ncoremail 1Uxr2xKj7kG0xkI17xGrU7I0s8FY2U3Uj8Cz28x1UUUUU7Ic2I0Y2UrlkW8hUCa0xDrUUUUj\nSTARTTLS\n8BITMIME'
send: 'STARTTLS\r\n'
reply: b'220 Ready to start TLS\r\n'
reply: retcode (220); Msg: b'Ready to start TLS'
send: 'ehlo [10.254.206.150]\r\n'
reply: b'250-mail\r\n'
reply: b'250-PIPELINING\r\n'
reply: b'250-AUTH LOGIN PLAIN \r\n'
reply: b'250-AUTH=LOGIN PLAIN\r\n'
reply: b'250-coremail 1Uxr2xKj7kG0xkI17xGrU7I0s8FY2U3Uj8Cz28x1UUUUU7Ic2I0Y2UFBqerRUCa0xDrUUUUj\r\n'
reply: b'250-STARTTLS\r\n'
reply: b'250 8BITMIME\r\n'
reply: retcode (250); Msg: b'mail\nPIPELINING\nAUTH LOGIN PLAIN\nAUTH=LOGIN PLAIN\ncoremail 1Uxr2xKj7kG0xkI17xGrU7I0s8FY2U3Uj8Cz28x1UUUUU7Ic2I0Y2UFBqerRUCa0xDrUUUUj\nSTARTTLS\n8BITMIME'
send: 'AUTH PLAIN AHN1bmx4dDEyM0AxMjYuY29tAHp4Y3Zibm03ODk=\r\n'
reply: b'235 Authentication successful\r\n'
reply: retcode (235); Msg: b'Authentication successful'
send: 'mail FROM:<sunlxt123@126.com>\r\n'
reply: b'250 Mail OK\r\n'
reply: retcode (250); Msg: b'Mail OK'
send: 'rcpt TO:<sunlxt123@163.com>\r\n'
reply: b'250 Mail OK\r\n'
reply: retcode (250); Msg: b'Mail OK'
send: 'rcpt TO:<sunlxt123@126.com>\r\n'
reply: b'250 Mail OK\r\n'
reply: retcode (250); Msg: b'Mail OK'
send: 'data\r\n'
reply: b'354 End data with <CR><LF>.<CR><LF>\r\n'
reply: retcode (354); Msg: b'End data with <CR><LF>.<CR><LF>'
data: (354, b'End data with <CR><LF>.<CR><LF>')
send: b'Content-Type: multipart/mixed; boundary="===============6476602014999663275=="\r\nMIME-Version: 1.0\r\nSubject: [Sware Blog]Confirm Your Account\r\nFrom: sunlxt123@126.com\r\nTo: sunlxt123@163.com, sunlxt123@126.com\r\nDate: Thu, 25 Jan 2018 09:28:25 +0800\r\nMessage-ID: <151684370517.4604.4147533220605436879@DESKTOP-M9C7LA7>\r\n\r\n--===============6476602014999663275==\r\nContent-Type: multipart/alternative;\r\n boundary="===============0992664399482800091=="\r\nMIME-Version: 1.0\r\n\r\n--===============0992664399482800091==\r\nContent-Type: text/plain; charset="utf-8"\r\nMIME-Version: 1.0\r\nContent-Transfer-Encoding: 7bit\r\n\r\nDear wertyu,\r\n\r\nWelcome to Sware !\r\n\r\nTo confirm your account please click on the following link:\r\nhttp://localhost:5000/confirm/eyJhbGciOiJIUzI1NiIsImlhdCI6MTUxNjg0MzcwNSwiZXhwIjoxNTE2ODQ3MzA1fQ.eyJjb25maXJtIjoxfQ.6T0r3009PV2NqWjnUrfQjjJx5otMLxn4D5JecHfNVws\r\nSincerely,\r\n\r\nThe Sware Team\r\n\r\nNote: replies to this email address are not monitored.\r\n\r\n--===============0992664399482800091==\r\nContent-Type: text/html; charset="utf-8"\r\nMIME-Version: 1.0\r\nContent-Transfer-Encoding: 7bit\r\n\r\n<h1>Dear wertyu,</h1>\r\n\r\n<p>Welcome to Sware !</p>\r\n\r\n<p>To confirm your account please click on the following link:\r\n<br>\r\nhttp://localhost:5000/confirm/eyJhbGciOiJIUzI1NiIsImlhdCI6MTUxNjg0MzcwNSwiZXhwIjoxNTE2ODQ3MzA1fQ.eyJjb25maXJtIjoxfQ.6T0r3009PV2NqWjnUrfQjjJx5otMLxn4D5JecHfNVws\r\n<br>\r\nSincerely,\r\n</p>\r\n\r\n<p>\r\nThe Sware Team\r\n<br>\r\nNote: replies to this email address are not monitored.\r\n</p>\r\n--===============0992664399482800091==--\r\n\r\n--===============6476602014999663275==--\r\n.\r\n'
reply: b'250 Mail OK queued as smtp7,DsmowABHONG6MmlassYGBQ--.65458S3 1516843706\r\n'
reply: retcode (250); Msg: b'Mail OK queued as smtp7,DsmowABHONG6MmlassYGBQ--.65458S3 1516843706'
data: (250, b'Mail OK queued as smtp7,DsmowABHONG6MmlassYGBQ--.65458S3 1516843706')
send: 'quit\r\n'
reply: b'221 Bye\r\n'
reply: retcode (221); Msg: b'Bye'
send: 'ehlo [10.254.206.150]\r\n'
reply: b'250-mail\r\n'
reply: b'250-PIPELINING\r\n'
reply: b'250-AUTH LOGIN PLAIN \r\n'
reply: b'250-AUTH=LOGIN PLAIN\r\n'
reply: b'250-coremail 1Uxr2xKj7kG0xkI17xGrU7I0s8FY2U3Uj8Cz28x1UUUUU7Ic2I0Y2UFbYG0jUCa0xDrUUUUj\r\n'
reply: b'250-STARTTLS\r\n'
reply: b'250 8BITMIME\r\n'
reply: retcode (250); Msg: b'mail\nPIPELINING\nAUTH LOGIN PLAIN\nAUTH=LOGIN PLAIN\ncoremail 1Uxr2xKj7kG0xkI17xGrU7I0s8FY2U3Uj8Cz28x1UUUUU7Ic2I0Y2UFbYG0jUCa0xDrUUUUj\nSTARTTLS\n8BITMIME'
send: 'STARTTLS\r\n'
reply: b'220 Ready to start TLS\r\n'
reply: retcode (220); Msg: b'Ready to start TLS'
send: 'ehlo [10.254.206.150]\r\n'
reply: b'250-mail\r\n'
reply: b'250-PIPELINING\r\n'
reply: b'250-AUTH LOGIN PLAIN \r\n'
reply: b'250-AUTH=LOGIN PLAIN\r\n'
reply: b'250-coremail 1Uxr2xKj7kG0xkI17xGrU7I0s8FY2U3Uj8Cz28x1UUUUU7Ic2I0Y2Ur6muA_UCa0xDrUUUUj\r\n'
reply: b'250-STARTTLS\r\n'
reply: b'250 8BITMIME\r\n'
reply: retcode (250); Msg: b'mail\nPIPELINING\nAUTH LOGIN PLAIN\nAUTH=LOGIN PLAIN\ncoremail 1Uxr2xKj7kG0xkI17xGrU7I0s8FY2U3Uj8Cz28x1UUUUU7Ic2I0Y2Ur6muA_UCa0xDrUUUUj\nSTARTTLS\n8BITMIME'
send: 'AUTH PLAIN AHN1bmx4dDEyM0AxMjYuY29tAHp4Y3Zibm03ODk=\r\n'
reply: b'235 Authentication successful\r\n'
reply: retcode (235); Msg: b'Authentication successful'
send: 'mail FROM:<sunlxt123@126.com>\r\n'
reply: b'250 Mail OK\r\n'
reply: retcode (250); Msg: b'Mail OK'
send: 'rcpt TO:<sunlxt123@126.com>\r\n'
reply: b'250 Mail OK\r\n'
reply: retcode (250); Msg: b'Mail OK'
send: 'rcpt TO:<lixingt@outlook.com>\r\n'
reply: b'250 Mail OK\r\n'
reply: retcode (250); Msg: b'Mail OK'
send: 'data\r\n'
reply: b'354 End data with <CR><LF>.<CR><LF>\r\n'
reply: retcode (354); Msg: b'End data with <CR><LF>.<CR><LF>'
data: (354, b'End data with <CR><LF>.<CR><LF>')
send: b'Content-Type: multipart/mixed; boundary="===============3973411212330214601=="\r\nMIME-Version: 1.0\r\nSubject: [Sware Blog]Confirm Your Account\r\nFrom: sunlxt123@126.com\r\nTo: sunlxt123@126.com, lixingt@outlook.com\r\nDate: Thu, 25 Jan 2018 09:28:52 +0800\r\nMessage-ID: <151684373276.4604.16778676392453122221@DESKTOP-M9C7LA7>\r\n\r\n--===============3973411212330214601==\r\nContent-Type: multipart/alternative;\r\n boundary="===============1479658394488977389=="\r\nMIME-Version: 1.0\r\n\r\n--===============1479658394488977389==\r\nContent-Type: text/plain; charset="utf-8"\r\nMIME-Version: 1.0\r\nContent-Transfer-Encoding: 7bit\r\n\r\nDear test,\r\n\r\nWelcome to Sware !\r\n\r\nTo confirm your account please click on the following link:\r\nhttp://localhost:5000/confirm/eyJhbGciOiJIUzI1NiIsImlhdCI6MTUxNjg0MzczMiwiZXhwIjoxNTE2ODQ3MzMyfQ.eyJjb25maXJtIjoyfQ.34JSv_Ziudw6Rs4GM1-UD4EHeFEJxKYesPCkaaw6Joo\r\nSincerely,\r\n\r\nThe Sware Team\r\n\r\nNote: replies to this email address are not monitored.\r\n\r\n--===============1479658394488977389==\r\nContent-Type: text/html; charset="utf-8"\r\nMIME-Version: 1.0\r\nContent-Transfer-Encoding: 7bit\r\n\r\n<h1>Dear test,</h1>\r\n\r\n<p>Welcome to Sware !</p>\r\n\r\n<p>To confirm your account please click on the following link:\r\n<br>\r\nhttp://localhost:5000/confirm/eyJhbGciOiJIUzI1NiIsImlhdCI6MTUxNjg0MzczMiwiZXhwIjoxNTE2ODQ3MzMyfQ.eyJjb25maXJtIjoyfQ.34JSv_Ziudw6Rs4GM1-UD4EHeFEJxKYesPCkaaw6Joo\r\n<br>\r\nSincerely,\r\n</p>\r\n\r\n<p>\r\nThe Sware Team\r\n<br>\r\nNote: replies to this email address are not monitored.\r\n</p>\r\n--===============1479658394488977389==--\r\n\r\n--===============3973411212330214601==--\r\n.\r\n'
reply: b'250 Mail OK queued as smtp7,DsmowABXMszVMmlaxcoGBQ--.49515S3 1516843733\r\n'
reply: retcode (250); Msg: b'Mail OK queued as smtp7,DsmowABXMszVMmlaxcoGBQ--.49515S3 1516843733'
data: (250, b'Mail OK queued as smtp7,DsmowABXMszVMmlaxcoGBQ--.49515S3 1516843733')
send: 'quit\r\n'
reply: b'221 Bye\r\n'
reply: retcode (221); Msg: b'Bye'
send: 'ehlo [10.254.206.150]\r\n'
reply: b'250-mail\r\n'
reply: b'250-PIPELINING\r\n'
reply: b'250-AUTH LOGIN PLAIN \r\n'
reply: b'250-AUTH=LOGIN PLAIN\r\n'
reply: b'250-coremail 1Uxr2xKj7kG0xkI17xGrU7I0s8FY2U3Uj8Cz28x1UUUUU7Ic2I0Y2UrvXvrhUCa0xDrUUUUj\r\n'
reply: b'250-STARTTLS\r\n'